<?xml version="1.0" encoding="UTF-8"?>
<testsuite name="testing.MetricsTest" tests="4" skipped="0" failures="0" errors="0" timestamp="2017-11-29T15:03:50" hostname="DESKTOP-CO2J425" time="0.056">
  <properties/>
  <testcase name="startTest" classname="testing.MetricsTest" time="0.001"/>
  <testcase name="exceptionThrowForInstanceTest" classname="testing.MetricsTest" time="0.001"/>
  <testcase name="gatherMetricsTest" classname="testing.MetricsTest" time="0.049"/>
  <testcase name="stopTest" classname="testing.MetricsTest" time="0.0"/>
  <system-out><![CDATA[Execution time is -1511967830757 ms
Used memory is 3.5027618408203125 mb
]]></system-out>
  <system-err><![CDATA[]]></system-err>
</testsuite>
