<?xml version="1.0" encoding="UTF-8"?>
<testsuite name="testing.BirthDateTest" tests="13" skipped="0" failures="0" errors="0" timestamp="2017-11-29T15:03:48" hostname="DESKTOP-CO2J425" time="1.852">
  <properties/>
  <testcase name="monthIsLowerThanAllowed" classname="testing.BirthDateTest" time="1.526"/>
  <testcase name="getDay" classname="testing.BirthDateTest" time="0.065"/>
  <testcase name="dayIsLowerThanAllowed" classname="testing.BirthDateTest" time="0.028"/>
  <testcase name="yearIsLowerThanAllowed" classname="testing.BirthDateTest" time="0.034"/>
  <testcase name="dayIsGreaterThanAllowed" classname="testing.BirthDateTest" time="0.024"/>
  <testcase name="setDay" classname="testing.BirthDateTest" time="0.011"/>
  <testcase name="yearIsGreaterThanAllowed" classname="testing.BirthDateTest" time="0.054"/>
  <testcase name="getYear" classname="testing.BirthDateTest" time="0.011"/>
  <testcase name="checkBirthDateToString" classname="testing.BirthDateTest" time="0.009"/>
  <testcase name="setMonth" classname="testing.BirthDateTest" time="0.017"/>
  <testcase name="monthIsGreaterThanAllowed" classname="testing.BirthDateTest" time="0.049"/>
  <testcase name="getMonth" classname="testing.BirthDateTest" time="0.011"/>
  <testcase name="setYear" classname="testing.BirthDateTest" time="0.009"/>
  <system-out><![CDATA[]]></system-out>
  <system-err><![CDATA[ноя 29, 2017 6:03:48 PM org.hibernate.validator.internal.util.Version <clinit>
INFO: HV000001: Hibernate Validator 6.0.4.Final
]]></system-err>
</testsuite>
